Arguments: 
  E:\nodejs\node.exe E:\yarn\bin\yarn.js add -D gulp-htmlclear

PATH: 
  C:\Windows\system32;C:\Windows;C:\Windows\System32\Wbem;C:\Windows\System32\WindowsPowerShell\v1.0\;C:\Windows\System32\OpenSSH\;C:\Program Files (x86)\NVIDIA Corporation\PhysX\Common;C:\Program Files\NVIDIA Corporation\NVIDIA NvDLISR;E:\nodejs\;E:\yarn\bin\;C:\Users\一只小pig\AppData\Local\Microsoft\WindowsApps;E:\Microsoft VS Code\bin;C:\Users\一只小pig\AppData\Roaming\npm;C:\Users\一只小pig\AppData\Local\Yarn\bin

Yarn version: 
  1.22.5

Node version: 
  14.15.1

Platform: 
  win32 x64

Trace: 
  Error: https://registry.npm.taobao.org/gulp-htmlclear: Not found
      at Request.params.callback [as _callback] (E:\yarn\lib\cli.js:66097:18)
      at Request.self.callback (E:\yarn\lib\cli.js:140749:22)
      at Request.emit (events.js:315:20)
      at Request.<anonymous> (E:\yarn\lib\cli.js:141721:10)
      at Request.emit (events.js:315:20)
      at IncomingMessage.<anonymous> (E:\yarn\lib\cli.js:141643:12)
      at Object.onceWrapper (events.js:421:28)
      at IncomingMessage.emit (events.js:327:22)
      at endReadableNT (_stream_readable.js:1327:12)
      at processTicksAndRejections (internal/process/task_queues.js:80:21)

npm manifest: 
  {
    "name": "onepig",
    "version": "1.0.0",
    "description": "",
    "main": "index.js",
    "scripts": {
      "test": "echo \"Error: no test specified\" && exit 1"
    },
    "author": "",
    "license": "ISC",
    "devDependencies": {
      "gulp": "^4.0.2"
    }
  }

yarn manifest: 
  No manifest

Lockfile: 
  No lockfile
